<?xml version="1.0" encoding="UTF-8"?>
<!-- Generated by org.testng.reporters.JUnitXMLReporter -->
<testsuite hostname="DESKTOP-9675BQ2" ignored="48" name="ExtentWithParallelClasses" tests="10" failures="0" timestamp="18 Jul 2018 18:05:53 GMT" time="3.568" errors="0">
  <testcase name="TC12" time="0.004" classname="com.skava.header_pkg.TC12_Test"/>
  <testcase name="TC2" time="0.011" classname="com.skava.test_cases.TC2_Test"/>
  <testcase name="TC3" time="0.022" classname="com.skava.test_cases.TC3_Test"/>
  <testcase name="TC14" time="0.375" classname="com.skava.header_pkg.TC14_Test"/>
  <testcase name="TC15" time="0.422" classname="com.skava.header_pkg.TC15_Test"/>
  <testcase name="TC4" time="0.453" classname="com.skava.test_cases.TC4_Test"/>
  <testcase name="TC13" time="0.456" classname="com.skava.header_pkg.TC13_Test"/>
  <testcase name="TC11" time="0.505" classname="com.skava.header_pkg.TC11_Test"/>
  <testcase name="TC5" time="3.057" classname="com.skava.test_cases.TC5_Test"/>
  <testcase name="TC1" time="3.422" classname="com.skava.test_cases.TC1_Test"/>
  <testcase name="TC6" time="0.0" classname="com.skava.header_pkg.TC6_Test">
    <ignored/>
  </testcase> <!-- TC6 -->
  <testcase name="TC16" time="0.0" classname="com.skava.test_cases.TC16_Test">
    <ignored/>
  </testcase> <!-- TC16 -->
  <testcase name="TC10" time="0.0" classname="com.skava.header_pkg.TC10_Test">
    <ignored/>
  </testcase> <!-- TC10 -->
  <testcase name="@AfterSuite afterSuite" time="0.0" classname="com.framework.reporting.BaseClass">
    <ignored/>
  </testcase> <!-- @AfterSuite afterSuite -->
  <testcase name="@AfterSuite afterSuite" time="0.0" classname="com.framework.reporting.BaseClass">
    <ignored/>
  </testcase> <!-- @AfterSuite afterSuite -->
  <testcase name="@AfterSuite afterSuite" time="0.0" classname="com.framework.reporting.BaseClass">
    <ignored/>
  </testcase> <!-- @AfterSuite afterSuite -->
  <testcase name="@AfterSuite afterSuite" time="0.0" classname="com.framework.reporting.BaseClass">
    <ignored/>
  </testcase> <!-- @AfterSuite afterSuite -->
  <testcase name="@AfterSuite afterSuite" time="0.0" classname="com.framework.reporting.BaseClass">
    <ignored/>
  </testcase> <!-- @AfterSuite afterSuite -->
  <testcase name="@AfterSuite afterSuite" time="0.0" classname="com.framework.reporting.BaseClass">
    <ignored/>
  </testcase> <!-- @AfterSuite afterSuite -->
  <testcase name="@AfterSuite afterSuite" time="0.0" classname="com.framework.reporting.BaseClass">
    <ignored/>
  </testcase> <!-- @AfterSuite afterSuite -->
  <testcase name="@AfterSuite afterSuite" time="0.0" classname="com.framework.reporting.BaseClass">
    <ignored/>
  </testcase> <!-- @AfterSuite afterSuite -->
  <testcase name="@AfterSuite afterSuite" time="0.0" classname="com.framework.reporting.BaseClass">
    <ignored/>
  </testcase> <!-- @AfterSuite afterSuite -->
  <testcase name="@AfterSuite afterSuite" time="0.0" classname="com.framework.reporting.BaseClass">
    <ignored/>
  </testcase> <!-- @AfterSuite afterSuite -->
  <testcase name="@AfterSuite afterSuite" time="0.0" classname="com.framework.reporting.BaseClass">
    <ignored/>
  </testcase> <!-- @AfterSuite afterSuite -->
  <testcase name="@AfterSuite afterSuite" time="0.0" classname="com.framework.reporting.BaseClass">
    <ignored/>
  </testcase> <!-- @AfterSuite afterSuite -->
  <testcase name="@AfterSuite afterSuite" time="0.0" classname="com.framework.reporting.BaseClass">
    <ignored/>
  </testcase> <!-- @AfterSuite afterSuite -->
  <testcase name="@AfterSuite afterSuite" time="0.0" classname="com.framework.reporting.BaseClass">
    <ignored/>
  </testcase> <!-- @AfterSuite afterSuite -->
  <testcase name="@AfterSuite afterSuite" time="0.0" classname="com.framework.reporting.BaseClass">
    <ignored/>
  </testcase> <!-- @AfterSuite afterSuite -->
  <testcase name="@AfterSuite afterSuite" time="0.0" classname="com.framework.reporting.BaseClass">
    <ignored/>
  </testcase> <!-- @AfterSuite afterSuite -->
  <testcase name="@AfterSuite afterSuite" time="0.0" classname="com.framework.reporting.BaseClass">
    <ignored/>
  </testcase> <!-- @AfterSuite afterSuite -->
  <testcase name="@AfterSuite afterSuite" time="0.0" classname="com.framework.reporting.BaseClass">
    <ignored/>
  </testcase> <!-- @AfterSuite afterSuite -->
  <testcase name="@AfterSuite afterSuite" time="0.0" classname="com.framework.reporting.BaseClass">
    <ignored/>
  </testcase> <!-- @AfterSuite afterSuite -->
  <testcase name="TC19" time="0.0" classname="com.skava.test_cases.TC19_Test">
    <ignored/>
  </testcase> <!-- TC19 -->
  <testcase name="TC9" time="0.0" classname="com.skava.header_pkg.TC9_Test">
    <ignored/>
  </testcase> <!-- TC9 -->
  <testcase name="TC18" time="0.0" classname="com.skava.test_cases.TC18_Test">
    <ignored/>
  </testcase> <!-- TC18 -->
  <testcase name="@BeforeSuite beforeSuite" time="0.0" classname="com.framework.reporting.BaseClass">
    <ignored/>
  </testcase> <!-- @BeforeSuite beforeSuite -->
  <testcase name="@BeforeSuite beforeSuite" time="0.0" classname="com.framework.reporting.BaseClass">
    <ignored/>
  </testcase> <!-- @BeforeSuite beforeSuite -->
  <testcase name="@BeforeSuite beforeSuite" time="0.0" classname="com.framework.reporting.BaseClass">
    <ignored/>
  </testcase> <!-- @BeforeSuite beforeSuite -->
  <testcase name="@BeforeSuite beforeSuite" time="0.0" classname="com.framework.reporting.BaseClass">
    <ignored/>
  </testcase> <!-- @BeforeSuite beforeSuite -->
  <testcase name="@BeforeSuite beforeSuite" time="0.0" classname="com.framework.reporting.BaseClass">
    <ignored/>
  </testcase> <!-- @BeforeSuite beforeSuite -->
  <testcase name="@BeforeSuite beforeSuite" time="0.0" classname="com.framework.reporting.BaseClass">
    <ignored/>
  </testcase> <!-- @BeforeSuite beforeSuite -->
  <testcase name="@BeforeSuite beforeSuite" time="0.0" classname="com.framework.reporting.BaseClass">
    <ignored/>
  </testcase> <!-- @BeforeSuite beforeSuite -->
  <testcase name="@BeforeSuite beforeSuite" time="0.0" classname="com.framework.reporting.BaseClass">
    <ignored/>
  </testcase> <!-- @BeforeSuite beforeSuite -->
  <testcase name="@BeforeSuite beforeSuite" time="0.0" classname="com.framework.reporting.BaseClass">
    <ignored/>
  </testcase> <!-- @BeforeSuite beforeSuite -->
  <testcase name="@BeforeSuite beforeSuite" time="0.0" classname="com.framework.reporting.BaseClass">
    <ignored/>
  </testcase> <!-- @BeforeSuite beforeSuite -->
  <testcase name="@BeforeSuite beforeSuite" time="0.0" classname="com.framework.reporting.BaseClass">
    <ignored/>
  </testcase> <!-- @BeforeSuite beforeSuite -->
  <testcase name="@BeforeSuite beforeSuite" time="0.0" classname="com.framework.reporting.BaseClass">
    <ignored/>
  </testcase> <!-- @BeforeSuite beforeSuite -->
  <testcase name="@BeforeSuite beforeSuite" time="0.0" classname="com.framework.reporting.BaseClass">
    <ignored/>
  </testcase> <!-- @BeforeSuite beforeSuite -->
  <testcase name="@BeforeSuite beforeSuite" time="0.0" classname="com.framework.reporting.BaseClass">
    <ignored/>
  </testcase> <!-- @BeforeSuite beforeSuite -->
  <testcase name="@BeforeSuite beforeSuite" time="0.0" classname="com.framework.reporting.BaseClass">
    <ignored/>
  </testcase> <!-- @BeforeSuite beforeSuite -->
  <testcase name="@BeforeSuite beforeSuite" time="0.0" classname="com.framework.reporting.BaseClass">
    <ignored/>
  </testcase> <!-- @BeforeSuite beforeSuite -->
  <testcase name="@BeforeSuite beforeSuite" time="0.0" classname="com.framework.reporting.BaseClass">
    <ignored/>
  </testcase> <!-- @BeforeSuite beforeSuite -->
  <testcase name="@BeforeSuite beforeSuite" time="0.0" classname="com.framework.reporting.BaseClass">
    <ignored/>
  </testcase> <!-- @BeforeSuite beforeSuite -->
  <testcase name="@BeforeSuite beforeSuite" time="0.0" classname="com.framework.reporting.BaseClass">
    <ignored/>
  </testcase> <!-- @BeforeSuite beforeSuite -->
  <testcase name="TC8" time="0.0" classname="com.skava.header_pkg.TC8_Test">
    <ignored/>
  </testcase> <!-- TC8 -->
  <testcase name="TC17" time="0.0" classname="com.skava.test_cases.TC17_Test">
    <ignored/>
  </testcase> <!-- TC17 -->
  <testcase name="TC20" time="0.0" classname="com.skava.test_cases.TC20_Test">
    <ignored/>
  </testcase> <!-- TC20 -->
  <testcase name="TC7" time="0.0" classname="com.skava.header_pkg.TC7_Test">
    <ignored/>
  </testcase> <!-- TC7 -->
</testsuite> <!-- ExtentWithParallelClasses -->
