<?xml version="1.0" encoding="UTF-8"?>
<testng-results skipped="0" failed="0" ignored="48" total="58" passed="10">
  <reporter-output>
  </reporter-output>
  <suite name="Extent Parallel Test" duration-ms="3568" started-at="2018-07-18T18:05:49Z" finished-at="2018-07-18T18:05:53Z">
    <groups>
      <group name="Smoke">
        <method signature="TC11_Test.TC11()[pri:0, instance:com.skava.header_pkg.TC11_Test@5ba3f27a]" name="TC11" class="com.skava.header_pkg.TC11_Test"/>
        <method signature="TC12_Test.TC12()[pri:0, instance:com.skava.header_pkg.TC12_Test@58d75e99]" name="TC12" class="com.skava.header_pkg.TC12_Test"/>
        <method signature="TC13_Test.TC13()[pri:0, instance:com.skava.header_pkg.TC13_Test@74751b3]" name="TC13" class="com.skava.header_pkg.TC13_Test"/>
        <method signature="TC14_Test.TC14()[pri:0, instance:com.skava.header_pkg.TC14_Test@741a8937]" name="TC14" class="com.skava.header_pkg.TC14_Test"/>
        <method signature="TC15_Test.TC15()[pri:0, instance:com.skava.header_pkg.TC15_Test@306e95ec]" name="TC15" class="com.skava.header_pkg.TC15_Test"/>
        <method signature="TC1_Test.TC1()[pri:0, instance:com.skava.test_cases.TC1_Test@25fb8912]" name="TC1" class="com.skava.test_cases.TC1_Test"/>
        <method signature="TC2_Test.TC2()[pri:0, instance:com.skava.test_cases.TC2_Test@7c24b813]" name="TC2" class="com.skava.test_cases.TC2_Test"/>
        <method signature="TC3_Test.TC3()[pri:0, instance:com.skava.test_cases.TC3_Test@2c35e847]" name="TC3" class="com.skava.test_cases.TC3_Test"/>
        <method signature="TC4_Test.TC4()[pri:0, instance:com.skava.test_cases.TC4_Test@7bd4937b]" name="TC4" class="com.skava.test_cases.TC4_Test"/>
        <method signature="TC5_Test.TC5()[pri:0, instance:com.skava.test_cases.TC5_Test@21e360a]" name="TC5" class="com.skava.test_cases.TC5_Test"/>
      </group> <!-- Smoke -->
    </groups>
    <test name="ExtentWithParallelClasses" duration-ms="3568" started-at="2018-07-18T18:05:49Z" finished-at="2018-07-18T18:05:53Z">
      <class name="com.skava.test_cases.TC1_Test">
        <test-method status="PASS" signature="beforeSuite()[pri:0, instance:com.skava.test_cases.TC1_Test@25fb8912]" name="beforeSuite" is-config="true" duration-ms="292" started-at="2018-07-18T18:05:49Z" finished-at="2018-07-18T18:05:49Z">
          <reporter-output>
          </reporter-output>
        </test-method> <!-- beforeSuite -->
        <test-method status="PASS" signature="initTest()[pri:0, instance:com.skava.test_cases.TC1_Test@25fb8912]" name="initTest" is-config="true" duration-ms="1" started-at="2018-07-18T18:05:49Z" finished-at="2018-07-18T18:05:49Z">
          <reporter-output>
          </reporter-output>
        </test-method> <!-- initTest -->
        <test-method status="PASS" signature="beforeMethod(java.lang.reflect.Method)[pri:0, instance:com.skava.test_cases.TC1_Test@25fb8912]" name="beforeMethod" is-config="true" duration-ms="106" started-at="2018-07-18T18:05:49Z" finished-at="2018-07-18T18:05:50Z">
          <params>
            <param index="0">
              <value>
                <![CDATA[public void com.skava.test_cases.TC1_Test.TC1() throws java.lang.Exception]]>
              </value>
            </param>
          </params>
          <reporter-output>
          </reporter-output>
        </test-method> <!-- beforeMethod -->
        <test-method status="PASS" signature="TC1()[pri:0, instance:com.skava.test_cases.TC1_Test@25fb8912]" name="TC1" duration-ms="3422" started-at="2018-07-18T18:05:50Z" finished-at="2018-07-18T18:05:53Z">
          <reporter-output>
          </reporter-output>
        </test-method> <!-- TC1 -->
        <test-method status="PASS" signature="afterMethod(org.testng.ITestResult)[pri:0, instance:com.skava.test_cases.TC1_Test@25fb8912]" name="afterMethod" is-config="true" duration-ms="15" started-at="2018-07-18T18:05:53Z" finished-at="2018-07-18T18:05:53Z">
          <params>
            <param index="0">
              <value>
                <![CDATA[[TestResult name=TC1 status=SUCCESS method=TC1_Test.TC1()[pri:0, instance:com.skava.test_cases.TC1_Test@25fb8912] output={null}]]]>
              </value>
            </param>
          </params>
          <reporter-output>
          </reporter-output>
        </test-method> <!-- afterMethod -->
        <test-method status="PASS" signature="tearDown()[pri:0, instance:com.skava.test_cases.TC1_Test@25fb8912]" name="tearDown" is-config="true" duration-ms="1" started-at="2018-07-18T18:05:53Z" finished-at="2018-07-18T18:05:53Z">
          <reporter-output>
          </reporter-output>
        </test-method> <!-- tearDown -->
        <test-method status="PASS" signature="afterSuite()[pri:0, instance:com.skava.test_cases.TC1_Test@25fb8912]" name="afterSuite" is-config="true" duration-ms="51" started-at="2018-07-18T18:05:53Z" finished-at="2018-07-18T18:05:53Z">
          <reporter-output>
          </reporter-output>
        </test-method> <!-- afterSuite -->
      </class> <!-- com.skava.test_cases.TC1_Test -->
      <class name="com.skava.header_pkg.TC15_Test">
        <test-method status="PASS" signature="initTest()[pri:0, instance:com.skava.header_pkg.TC15_Test@306e95ec]" name="initTest" is-config="true" duration-ms="0" started-at="2018-07-18T18:05:49Z" finished-at="2018-07-18T18:05:49Z">
          <reporter-output>
          </reporter-output>
        </test-method> <!-- initTest -->
        <test-method status="PASS" signature="beforeMethod(java.lang.reflect.Method)[pri:0, instance:com.skava.header_pkg.TC15_Test@306e95ec]" name="beforeMethod" is-config="true" duration-ms="103" started-at="2018-07-18T18:05:49Z" finished-at="2018-07-18T18:05:50Z">
          <params>
            <param index="0">
              <value>
                <![CDATA[public void com.skava.header_pkg.TC15_Test.TC15() throws java.lang.Exception]]>
              </value>
            </param>
          </params>
          <reporter-output>
          </reporter-output>
        </test-method> <!-- beforeMethod -->
        <test-method status="PASS" signature="TC15()[pri:0, instance:com.skava.header_pkg.TC15_Test@306e95ec]" name="TC15" duration-ms="422" started-at="2018-07-18T18:05:50Z" finished-at="2018-07-18T18:05:50Z">
          <reporter-output>
          </reporter-output>
        </test-method> <!-- TC15 -->
        <test-method status="PASS" signature="afterMethod(org.testng.ITestResult)[pri:0, instance:com.skava.header_pkg.TC15_Test@306e95ec]" name="afterMethod" is-config="true" duration-ms="80" started-at="2018-07-18T18:05:50Z" finished-at="2018-07-18T18:05:50Z">
          <params>
            <param index="0">
              <value>
                <![CDATA[[TestResult name=TC15 status=SUCCESS method=TC15_Test.TC15()[pri:0, instance:com.skava.header_pkg.TC15_Test@306e95ec] output={null}]]]>
              </value>
            </param>
          </params>
          <reporter-output>
          </reporter-output>
        </test-method> <!-- afterMethod -->
        <test-method status="PASS" signature="tearDown()[pri:0, instance:com.skava.header_pkg.TC15_Test@306e95ec]" name="tearDown" is-config="true" duration-ms="5" started-at="2018-07-18T18:05:50Z" finished-at="2018-07-18T18:05:50Z">
          <reporter-output>
          </reporter-output>
        </test-method> <!-- tearDown -->
      </class> <!-- com.skava.header_pkg.TC15_Test -->
      <class name="com.skava.test_cases.TC4_Test">
        <test-method status="PASS" signature="beforeMethod(java.lang.reflect.Method)[pri:0, instance:com.skava.test_cases.TC4_Test@7bd4937b]" name="beforeMethod" is-config="true" duration-ms="106" started-at="2018-07-18T18:05:49Z" finished-at="2018-07-18T18:05:50Z">
          <params>
            <param index="0">
              <value>
                <![CDATA[public void com.skava.test_cases.TC4_Test.TC4() throws java.lang.Exception]]>
              </value>
            </param>
          </params>
          <reporter-output>
          </reporter-output>
        </test-method> <!-- beforeMethod -->
        <test-method status="PASS" signature="TC4()[pri:0, instance:com.skava.test_cases.TC4_Test@7bd4937b]" name="TC4" duration-ms="453" started-at="2018-07-18T18:05:50Z" finished-at="2018-07-18T18:05:50Z">
          <reporter-output>
          </reporter-output>
        </test-method> <!-- TC4 -->
        <test-method status="PASS" signature="afterMethod(org.testng.ITestResult)[pri:0, instance:com.skava.test_cases.TC4_Test@7bd4937b]" name="afterMethod" is-config="true" duration-ms="84" started-at="2018-07-18T18:05:50Z" finished-at="2018-07-18T18:05:50Z">
          <params>
            <param index="0">
              <value>
                <![CDATA[[TestResult name=TC4 status=SUCCESS method=TC4_Test.TC4()[pri:0, instance:com.skava.test_cases.TC4_Test@7bd4937b] output={null}]]]>
              </value>
            </param>
          </params>
          <reporter-output>
          </reporter-output>
        </test-method> <!-- afterMethod -->
      </class> <!-- com.skava.test_cases.TC4_Test -->
      <class name="com.skava.test_cases.TC3_Test">
        <test-method status="PASS" signature="beforeMethod(java.lang.reflect.Method)[pri:0, instance:com.skava.test_cases.TC3_Test@2c35e847]" name="beforeMethod" is-config="true" duration-ms="104" started-at="2018-07-18T18:05:49Z" finished-at="2018-07-18T18:05:50Z">
          <params>
            <param index="0">
              <value>
                <![CDATA[public void com.skava.test_cases.TC3_Test.TC3() throws java.lang.Exception]]>
              </value>
            </param>
          </params>
          <reporter-output>
          </reporter-output>
        </test-method> <!-- beforeMethod -->
        <test-method status="PASS" signature="TC3()[pri:0, instance:com.skava.test_cases.TC3_Test@2c35e847]" name="TC3" duration-ms="22" started-at="2018-07-18T18:05:50Z" finished-at="2018-07-18T18:05:50Z">
          <reporter-output>
          </reporter-output>
        </test-method> <!-- TC3 -->
        <test-method status="PASS" signature="afterMethod(org.testng.ITestResult)[pri:0, instance:com.skava.test_cases.TC3_Test@2c35e847]" name="afterMethod" is-config="true" duration-ms="398" started-at="2018-07-18T18:05:50Z" finished-at="2018-07-18T18:05:50Z">
          <params>
            <param index="0">
              <value>
                <![CDATA[[TestResult name=TC3 status=SUCCESS method=TC3_Test.TC3()[pri:0, instance:com.skava.test_cases.TC3_Test@2c35e847] output={null}]]]>
              </value>
            </param>
          </params>
          <reporter-output>
          </reporter-output>
        </test-method> <!-- afterMethod -->
      </class> <!-- com.skava.test_cases.TC3_Test -->
      <class name="com.skava.header_pkg.TC13_Test">
        <test-method status="PASS" signature="initTest()[pri:0, instance:com.skava.header_pkg.TC13_Test@74751b3]" name="initTest" is-config="true" duration-ms="0" started-at="2018-07-18T18:05:49Z" finished-at="2018-07-18T18:05:49Z">
          <reporter-output>
          </reporter-output>
        </test-method> <!-- initTest -->
        <test-method status="PASS" signature="beforeMethod(java.lang.reflect.Method)[pri:0, instance:com.skava.header_pkg.TC13_Test@74751b3]" name="beforeMethod" is-config="true" duration-ms="104" started-at="2018-07-18T18:05:49Z" finished-at="2018-07-18T18:05:50Z">
          <params>
            <param index="0">
              <value>
                <![CDATA[public void com.skava.header_pkg.TC13_Test.TC13() throws java.lang.Exception]]>
              </value>
            </param>
          </params>
          <reporter-output>
          </reporter-output>
        </test-method> <!-- beforeMethod -->
        <test-method status="PASS" signature="TC13()[pri:0, instance:com.skava.header_pkg.TC13_Test@74751b3]" name="TC13" duration-ms="456" started-at="2018-07-18T18:05:50Z" finished-at="2018-07-18T18:05:50Z">
          <reporter-output>
          </reporter-output>
        </test-method> <!-- TC13 -->
        <test-method status="PASS" signature="afterMethod(org.testng.ITestResult)[pri:0, instance:com.skava.header_pkg.TC13_Test@74751b3]" name="afterMethod" is-config="true" duration-ms="129" started-at="2018-07-18T18:05:50Z" finished-at="2018-07-18T18:05:50Z">
          <params>
            <param index="0">
              <value>
                <![CDATA[[TestResult name=TC13 status=SUCCESS method=TC13_Test.TC13()[pri:0, instance:com.skava.header_pkg.TC13_Test@74751b3] output={null}]]]>
              </value>
            </param>
          </params>
          <reporter-output>
          </reporter-output>
        </test-method> <!-- afterMethod -->
        <test-method status="PASS" signature="tearDown()[pri:0, instance:com.skava.header_pkg.TC13_Test@74751b3]" name="tearDown" is-config="true" duration-ms="2" started-at="2018-07-18T18:05:50Z" finished-at="2018-07-18T18:05:50Z">
          <reporter-output>
          </reporter-output>
        </test-method> <!-- tearDown -->
      </class> <!-- com.skava.header_pkg.TC13_Test -->
      <class name="com.skava.header_pkg.TC12_Test">
        <test-method status="PASS" signature="initTest()[pri:0, instance:com.skava.header_pkg.TC12_Test@58d75e99]" name="initTest" is-config="true" duration-ms="0" started-at="2018-07-18T18:05:49Z" finished-at="2018-07-18T18:05:49Z">
          <reporter-output>
          </reporter-output>
        </test-method> <!-- initTest -->
        <test-method status="PASS" signature="beforeMethod(java.lang.reflect.Method)[pri:0, instance:com.skava.header_pkg.TC12_Test@58d75e99]" name="beforeMethod" is-config="true" duration-ms="106" started-at="2018-07-18T18:05:49Z" finished-at="2018-07-18T18:05:50Z">
          <params>
            <param index="0">
              <value>
                <![CDATA[public void com.skava.header_pkg.TC12_Test.TC12() throws java.lang.Exception]]>
              </value>
            </param>
          </params>
          <reporter-output>
          </reporter-output>
        </test-method> <!-- beforeMethod -->
        <test-method status="PASS" signature="TC12()[pri:0, instance:com.skava.header_pkg.TC12_Test@58d75e99]" name="TC12" duration-ms="4" started-at="2018-07-18T18:05:50Z" finished-at="2018-07-18T18:05:50Z">
          <reporter-output>
          </reporter-output>
        </test-method> <!-- TC12 -->
        <test-method status="PASS" signature="afterMethod(org.testng.ITestResult)[pri:0, instance:com.skava.header_pkg.TC12_Test@58d75e99]" name="afterMethod" is-config="true" duration-ms="382" started-at="2018-07-18T18:05:50Z" finished-at="2018-07-18T18:05:50Z">
          <params>
            <param index="0">
              <value>
                <![CDATA[[TestResult name=TC12 status=SUCCESS method=TC12_Test.TC12()[pri:0, instance:com.skava.header_pkg.TC12_Test@58d75e99] output={null}]]]>
              </value>
            </param>
          </params>
          <reporter-output>
          </reporter-output>
        </test-method> <!-- afterMethod -->
        <test-method status="PASS" signature="tearDown()[pri:0, instance:com.skava.header_pkg.TC12_Test@58d75e99]" name="tearDown" is-config="true" duration-ms="2" started-at="2018-07-18T18:05:50Z" finished-at="2018-07-18T18:05:50Z">
          <reporter-output>
          </reporter-output>
        </test-method> <!-- tearDown -->
      </class> <!-- com.skava.header_pkg.TC12_Test -->
      <class name="com.skava.test_cases.TC5_Test">
        <test-method status="PASS" signature="beforeMethod(java.lang.reflect.Method)[pri:0, instance:com.skava.test_cases.TC5_Test@21e360a]" name="beforeMethod" is-config="true" duration-ms="102" started-at="2018-07-18T18:05:49Z" finished-at="2018-07-18T18:05:50Z">
          <params>
            <param index="0">
              <value>
                <![CDATA[public void com.skava.test_cases.TC5_Test.TC5() throws java.lang.Exception]]>
              </value>
            </param>
          </params>
          <reporter-output>
          </reporter-output>
        </test-method> <!-- beforeMethod -->
        <test-method status="PASS" signature="TC5()[pri:0, instance:com.skava.test_cases.TC5_Test@21e360a]" name="TC5" duration-ms="3057" started-at="2018-07-18T18:05:50Z" finished-at="2018-07-18T18:05:53Z">
          <reporter-output>
          </reporter-output>
        </test-method> <!-- TC5 -->
        <test-method status="PASS" signature="afterMethod(org.testng.ITestResult)[pri:0, instance:com.skava.test_cases.TC5_Test@21e360a]" name="afterMethod" is-config="true" duration-ms="14" started-at="2018-07-18T18:05:53Z" finished-at="2018-07-18T18:05:53Z">
          <params>
            <param index="0">
              <value>
                <![CDATA[[TestResult name=TC5 status=SUCCESS method=TC5_Test.TC5()[pri:0, instance:com.skava.test_cases.TC5_Test@21e360a] output={null}]]]>
              </value>
            </param>
          </params>
          <reporter-output>
          </reporter-output>
        </test-method> <!-- afterMethod -->
      </class> <!-- com.skava.test_cases.TC5_Test -->
      <class name="com.skava.test_cases.TC2_Test">
        <test-method status="PASS" signature="initTest()[pri:0, instance:com.skava.test_cases.TC2_Test@7c24b813]" name="initTest" is-config="true" duration-ms="1" started-at="2018-07-18T18:05:49Z" finished-at="2018-07-18T18:05:49Z">
          <reporter-output>
          </reporter-output>
        </test-method> <!-- initTest -->
        <test-method status="PASS" signature="beforeMethod(java.lang.reflect.Method)[pri:0, instance:com.skava.test_cases.TC2_Test@7c24b813]" name="beforeMethod" is-config="true" duration-ms="103" started-at="2018-07-18T18:05:49Z" finished-at="2018-07-18T18:05:50Z">
          <params>
            <param index="0">
              <value>
                <![CDATA[public void com.skava.test_cases.TC2_Test.TC2() throws java.lang.Exception]]>
              </value>
            </param>
          </params>
          <reporter-output>
          </reporter-output>
        </test-method> <!-- beforeMethod -->
        <test-method status="PASS" signature="TC2()[pri:0, instance:com.skava.test_cases.TC2_Test@7c24b813]" name="TC2" duration-ms="11" started-at="2018-07-18T18:05:50Z" finished-at="2018-07-18T18:05:50Z">
          <reporter-output>
          </reporter-output>
        </test-method> <!-- TC2 -->
        <test-method status="PASS" signature="afterMethod(org.testng.ITestResult)[pri:0, instance:com.skava.test_cases.TC2_Test@7c24b813]" name="afterMethod" is-config="true" duration-ms="360" started-at="2018-07-18T18:05:50Z" finished-at="2018-07-18T18:05:50Z">
          <params>
            <param index="0">
              <value>
                <![CDATA[[TestResult name=TC2 status=SUCCESS method=TC2_Test.TC2()[pri:0, instance:com.skava.test_cases.TC2_Test@7c24b813] output={null}]]]>
              </value>
            </param>
          </params>
          <reporter-output>
          </reporter-output>
        </test-method> <!-- afterMethod -->
        <test-method status="PASS" signature="tearDown()[pri:0, instance:com.skava.test_cases.TC2_Test@7c24b813]" name="tearDown" is-config="true" duration-ms="0" started-at="2018-07-18T18:05:50Z" finished-at="2018-07-18T18:05:50Z">
          <reporter-output>
          </reporter-output>
        </test-method> <!-- tearDown -->
      </class> <!-- com.skava.test_cases.TC2_Test -->
      <class name="com.skava.header_pkg.TC11_Test">
        <test-method status="PASS" signature="initTest()[pri:0, instance:com.skava.header_pkg.TC11_Test@5ba3f27a]" name="initTest" is-config="true" duration-ms="0" started-at="2018-07-18T18:05:49Z" finished-at="2018-07-18T18:05:49Z">
          <reporter-output>
          </reporter-output>
        </test-method> <!-- initTest -->
        <test-method status="PASS" signature="beforeMethod(java.lang.reflect.Method)[pri:0, instance:com.skava.header_pkg.TC11_Test@5ba3f27a]" name="beforeMethod" is-config="true" duration-ms="106" started-at="2018-07-18T18:05:49Z" finished-at="2018-07-18T18:05:50Z">
          <params>
            <param index="0">
              <value>
                <![CDATA[public void com.skava.header_pkg.TC11_Test.TC11() throws java.lang.Exception]]>
              </value>
            </param>
          </params>
          <reporter-output>
          </reporter-output>
        </test-method> <!-- beforeMethod -->
        <test-method status="PASS" signature="TC11()[pri:0, instance:com.skava.header_pkg.TC11_Test@5ba3f27a]" name="TC11" duration-ms="505" started-at="2018-07-18T18:05:50Z" finished-at="2018-07-18T18:05:50Z">
          <reporter-output>
          </reporter-output>
        </test-method> <!-- TC11 -->
        <test-method status="PASS" signature="afterMethod(org.testng.ITestResult)[pri:0, instance:com.skava.header_pkg.TC11_Test@5ba3f27a]" name="afterMethod" is-config="true" duration-ms="133" started-at="2018-07-18T18:05:50Z" finished-at="2018-07-18T18:05:50Z">
          <params>
            <param index="0">
              <value>
                <![CDATA[[TestResult name=TC11 status=SUCCESS method=TC11_Test.TC11()[pri:0, instance:com.skava.header_pkg.TC11_Test@5ba3f27a] output={null}]]]>
              </value>
            </param>
          </params>
          <reporter-output>
          </reporter-output>
        </test-method> <!-- afterMethod -->
        <test-method status="PASS" signature="tearDown()[pri:0, instance:com.skava.header_pkg.TC11_Test@5ba3f27a]" name="tearDown" is-config="true" duration-ms="1" started-at="2018-07-18T18:05:50Z" finished-at="2018-07-18T18:05:50Z">
          <reporter-output>
          </reporter-output>
        </test-method> <!-- tearDown -->
      </class> <!-- com.skava.header_pkg.TC11_Test -->
      <class name="com.skava.header_pkg.TC14_Test">
        <test-method status="PASS" signature="initTest()[pri:0, instance:com.skava.header_pkg.TC14_Test@741a8937]" name="initTest" is-config="true" duration-ms="1" started-at="2018-07-18T18:05:49Z" finished-at="2018-07-18T18:05:49Z">
          <reporter-output>
          </reporter-output>
        </test-method> <!-- initTest -->
        <test-method status="PASS" signature="beforeMethod(java.lang.reflect.Method)[pri:0, instance:com.skava.header_pkg.TC14_Test@741a8937]" name="beforeMethod" is-config="true" duration-ms="105" started-at="2018-07-18T18:05:49Z" finished-at="2018-07-18T18:05:50Z">
          <params>
            <param index="0">
              <value>
                <![CDATA[public void com.skava.header_pkg.TC14_Test.TC14() throws java.lang.Exception]]>
              </value>
            </param>
          </params>
          <reporter-output>
          </reporter-output>
        </test-method> <!-- beforeMethod -->
        <test-method status="PASS" signature="TC14()[pri:0, instance:com.skava.header_pkg.TC14_Test@741a8937]" name="TC14" duration-ms="375" started-at="2018-07-18T18:05:50Z" finished-at="2018-07-18T18:05:50Z">
          <reporter-output>
          </reporter-output>
        </test-method> <!-- TC14 -->
        <test-method status="PASS" signature="afterMethod(org.testng.ITestResult)[pri:0, instance:com.skava.header_pkg.TC14_Test@741a8937]" name="afterMethod" is-config="true" duration-ms="240" started-at="2018-07-18T18:05:50Z" finished-at="2018-07-18T18:05:50Z">
          <params>
            <param index="0">
              <value>
                <![CDATA[[TestResult name=TC14 status=SUCCESS method=TC14_Test.TC14()[pri:0, instance:com.skava.header_pkg.TC14_Test@741a8937] output={null}]]]>
              </value>
            </param>
          </params>
          <reporter-output>
          </reporter-output>
        </test-method> <!-- afterMethod -->
        <test-method status="PASS" signature="tearDown()[pri:0, instance:com.skava.header_pkg.TC14_Test@741a8937]" name="tearDown" is-config="true" duration-ms="1" started-at="2018-07-18T18:05:50Z" finished-at="2018-07-18T18:05:50Z">
          <reporter-output>
          </reporter-output>
        </test-method> <!-- tearDown -->
      </class> <!-- com.skava.header_pkg.TC14_Test -->
    </test> <!-- ExtentWithParallelClasses -->
  </suite> <!-- Extent Parallel Test -->
</testng-results>
