<?xml version="1.0" encoding="UTF-8"?>
<testng-results skipped="0" failed="0" ignored="0" total="1" passed="1">
  <reporter-output>
  </reporter-output>
  <suite name="Default suite" duration-ms="6697" started-at="2018-07-23T17:43:22Z" finished-at="2018-07-23T17:43:29Z">
    <groups>
    </groups>
    <test name="Default test" duration-ms="6697" started-at="2018-07-23T17:43:22Z" finished-at="2018-07-23T17:43:29Z">
      <class name="com.skava.header_pkg.TC6_Test">
        <test-method status="PASS" signature="beforeSuite()[pri:0, instance:com.skava.header_pkg.TC6_Test@2f6e28bc]" name="beforeSuite" is-config="true" duration-ms="422" started-at="2018-07-23T17:43:21Z" finished-at="2018-07-23T17:43:22Z">
          <reporter-output>
          </reporter-output>
        </test-method> <!-- beforeSuite -->
        <test-method status="PASS" signature="initTest()[pri:0, instance:com.skava.header_pkg.TC6_Test@2f6e28bc]" name="initTest" is-config="true" duration-ms="5556" started-at="2018-07-23T17:43:22Z" finished-at="2018-07-23T17:43:27Z">
          <reporter-output>
          </reporter-output>
        </test-method> <!-- initTest -->
        <test-method status="PASS" signature="beforeMethod(java.lang.reflect.Method)[pri:0, instance:com.skava.header_pkg.TC6_Test@2f6e28bc]" name="beforeMethod" is-config="true" duration-ms="194" started-at="2018-07-23T17:43:27Z" finished-at="2018-07-23T17:43:28Z">
          <params>
            <param index="0">
              <value>
                <![CDATA[public void com.skava.header_pkg.TC6_Test.TC6() throws java.lang.Exception]]>
              </value>
            </param>
          </params>
          <reporter-output>
          </reporter-output>
        </test-method> <!-- beforeMethod -->
        <test-method status="PASS" signature="TC6()[pri:0, instance:com.skava.header_pkg.TC6_Test@2f6e28bc]" name="TC6" duration-ms="16" started-at="2018-07-23T17:43:28Z" finished-at="2018-07-23T17:43:28Z">
          <reporter-output>
          </reporter-output>
        </test-method> <!-- TC6 -->
        <test-method status="PASS" signature="afterMethod(org.testng.ITestResult)[pri:0, instance:com.skava.header_pkg.TC6_Test@2f6e28bc]" name="afterMethod" is-config="true" duration-ms="332" started-at="2018-07-23T17:43:28Z" finished-at="2018-07-23T17:43:28Z">
          <params>
            <param index="0">
              <value>
                <![CDATA[[TestResult name=TC6 status=SUCCESS method=TC6_Test.TC6()[pri:0, instance:com.skava.header_pkg.TC6_Test@2f6e28bc] output={null}]]]>
              </value>
            </param>
          </params>
          <reporter-output>
          </reporter-output>
        </test-method> <!-- afterMethod -->
        <test-method status="PASS" signature="tearDown()[pri:0, instance:com.skava.header_pkg.TC6_Test@2f6e28bc]" name="tearDown" is-config="true" duration-ms="568" started-at="2018-07-23T17:43:28Z" finished-at="2018-07-23T17:43:29Z">
          <reporter-output>
          </reporter-output>
        </test-method> <!-- tearDown -->
        <test-method status="PASS" signature="afterSuite()[pri:0, instance:com.skava.header_pkg.TC6_Test@2f6e28bc]" name="afterSuite" is-config="true" duration-ms="165" started-at="2018-07-23T17:43:29Z" finished-at="2018-07-23T17:43:29Z">
          <reporter-output>
          </reporter-output>
        </test-method> <!-- afterSuite -->
      </class> <!-- com.skava.header_pkg.TC6_Test -->
    </test> <!-- Default test -->
  </suite> <!-- Default suite -->
</testng-results>
